ninja: no work to do.
============================= test session starts ==============================
platform linux -- Python 3.13.2, pytest-8.3.5, pluggy-1.5.0
benchmark: 5.1.0 (defaults: timer=time.perf_counter disable_gc=False min_rounds=5 min_time=0.000005 max_time=1.0 calibration_precision=10 warmup=False warmup_iterations=100000)
rootdir: /home/sheffler/evn
configfile: pyproject.toml
plugins: repeat-0.9.3, hydra-core-1.3.2, benchmark-5.1.0, hypothesis-6.129.3, dotenv-0.5.2, anyio-4.9.0, cov-6.0.0, xdist-3.6.1, sugar-1.0.0
collected 0 items / 1 error

==================================== ERRORS ====================================
__________ ERROR collecting evn/tests/test_detect_formatted_blocks.py __________
ImportError while importing test module '/home/sheffler/evn/evn/tests/test_detect_formatted_blocks.py'.
Hint: make sure your test modules/packages have valid Python names.
Traceback:
../sw/MambaForge/envs/ipd/lib/python3.13/importlib/__init__.py:88: in import_module
    return _bootstrap._gcd_import(name[level:], package, level)
evn/tests/test_detect_formatted_blocks.py:2: in <module>
    import evn
evn/__init__.py:1: in <module>
    from evn._detect_formatted_blocks import *
E   ModuleNotFoundError: No module named 'evn._detect_formatted_blocks'
=========================== short test summary info ============================
ERROR evn/tests/test_detect_formatted_blocks.py
!!!!!!!!!!!!!!!!!!!! Interrupted: 1 error during collection !!!!!!!!!!!!!!!!!!!!
=============================== 1 error in 0.16s ===============================
